  Contacts.c
c:\users\user\documents\visual studio 2015\projects\contacts\contacts\contacts.c(74): warning C4996: 'scanf': This function or variable may be unsafe. Consider using scanf_s instead. To disable deprecation, use _CRT_SECURE_NO_WARNINGS. See online help for details.
  c:\program files (x86)\windows kits\10\include\10.0.10240.0\ucrt\stdio.h(1270): note: 'scanf' 선언을 참조하십시오.
c:\users\user\documents\visual studio 2015\projects\contacts\contacts\contacts.c(76): warning C4996: 'scanf': This function or variable may be unsafe. Consider using scanf_s instead. To disable deprecation, use _CRT_SECURE_NO_WARNINGS. See online help for details.
  c:\program files (x86)\windows kits\10\include\10.0.10240.0\ucrt\stdio.h(1270): note: 'scanf' 선언을 참조하십시오.
c:\users\user\documents\visual studio 2015\projects\contacts\contacts\contacts.c(78): warning C4996: 'scanf': This function or variable may be unsafe. Consider using scanf_s instead. To disable deprecation, use _CRT_SECURE_NO_WARNINGS. See online help for details.
  c:\program files (x86)\windows kits\10\include\10.0.10240.0\ucrt\stdio.h(1270): note: 'scanf' 선언을 참조하십시오.
c:\users\user\documents\visual studio 2015\projects\contacts\contacts\contacts.c(80): warning C4996: 'scanf': This function or variable may be unsafe. Consider using scanf_s instead. To disable deprecation, use _CRT_SECURE_NO_WARNINGS. See online help for details.
  c:\program files (x86)\windows kits\10\include\10.0.10240.0\ucrt\stdio.h(1270): note: 'scanf' 선언을 참조하십시오.
c:\users\user\documents\visual studio 2015\projects\contacts\contacts\contacts.c(123): warning C4047: '=': 'char'의 간접 참조 수준이 'void *'과(와) 다릅니다.
c:\users\user\documents\visual studio 2015\projects\contacts\contacts\contacts.c(124): warning C4047: '=': 'char'의 간접 참조 수준이 'void *'과(와) 다릅니다.
c:\users\user\documents\visual studio 2015\projects\contacts\contacts\contacts.c(125): warning C4047: '=': 'char'의 간접 참조 수준이 'void *'과(와) 다릅니다.
c:\users\user\documents\visual studio 2015\projects\contacts\contacts\contacts.c(126): warning C4047: '=': 'char'의 간접 참조 수준이 'void *'과(와) 다릅니다.
c:\users\user\documents\visual studio 2015\projects\contacts\contacts\contacts.c(133): warning C4047: '=': 'char'의 간접 참조 수준이 'void *'과(와) 다릅니다.
c:\users\user\documents\visual studio 2015\projects\contacts\contacts\contacts.c(134): warning C4047: '=': 'char'의 간접 참조 수준이 'void *'과(와) 다릅니다.
c:\users\user\documents\visual studio 2015\projects\contacts\contacts\contacts.c(135): warning C4047: '=': 'char'의 간접 참조 수준이 'void *'과(와) 다릅니다.
c:\users\user\documents\visual studio 2015\projects\contacts\contacts\contacts.c(136): warning C4047: '=': 'char'의 간접 참조 수준이 'void *'과(와) 다릅니다.
c:\users\user\documents\visual studio 2015\projects\contacts\contacts\contacts.c(100): warning C4996: 'scanf': This function or variable may be unsafe. Consider using scanf_s instead. To disable deprecation, use _CRT_SECURE_NO_WARNINGS. See online help for details.
  c:\program files (x86)\windows kits\10\include\10.0.10240.0\ucrt\stdio.h(1270): note: 'scanf' 선언을 참조하십시오.
c:\users\user\documents\visual studio 2015\projects\contacts\contacts\contacts.c(116): warning C4996: 'strcpy': This function or variable may be unsafe. Consider using strcpy_s instead. To disable deprecation, use _CRT_SECURE_NO_WARNINGS. See online help for details.
  c:\program files (x86)\windows kits\10\include\10.0.10240.0\ucrt\string.h(119): note: 'strcpy' 선언을 참조하십시오.
c:\users\user\documents\visual studio 2015\projects\contacts\contacts\contacts.c(117): warning C4996: 'strcpy': This function or variable may be unsafe. Consider using strcpy_s instead. To disable deprecation, use _CRT_SECURE_NO_WARNINGS. See online help for details.
  c:\program files (x86)\windows kits\10\include\10.0.10240.0\ucrt\string.h(119): note: 'strcpy' 선언을 참조하십시오.
c:\users\user\documents\visual studio 2015\projects\contacts\contacts\contacts.c(118): warning C4996: 'strcpy': This function or variable may be unsafe. Consider using strcpy_s instead. To disable deprecation, use _CRT_SECURE_NO_WARNINGS. See online help for details.
  c:\program files (x86)\windows kits\10\include\10.0.10240.0\ucrt\string.h(119): note: 'strcpy' 선언을 참조하십시오.
c:\users\user\documents\visual studio 2015\projects\contacts\contacts\contacts.c(119): warning C4996: 'strcpy': This function or variable may be unsafe. Consider using strcpy_s instead. To disable deprecation, use _CRT_SECURE_NO_WARNINGS. See online help for details.
  c:\program files (x86)\windows kits\10\include\10.0.10240.0\ucrt\string.h(119): note: 'strcpy' 선언을 참조하십시오.
c:\users\user\documents\visual studio 2015\projects\contacts\contacts\contacts.c(162): warning C4996: 'scanf': This function or variable may be unsafe. Consider using scanf_s instead. To disable deprecation, use _CRT_SECURE_NO_WARNINGS. See online help for details.
  c:\program files (x86)\windows kits\10\include\10.0.10240.0\ucrt\stdio.h(1270): note: 'scanf' 선언을 참조하십시오.
  Contacts.vcxproj -> C:\Users\User\Documents\Visual Studio 2015\Projects\Contacts\Debug\Contacts.exe
  Contacts.vcxproj -> C:\Users\User\Documents\Visual Studio 2015\Projects\Contacts\Debug\Contacts.pdb (Full PDB)
